[ 2016-12-21T19:27:41+08:00 ] 127.0.0.1 /
INFO: [ app_begin ] --START--
INFO: Run Behavior\ReadHtmlCacheBehavior [ RunTime:0.007755s ]
INFO: [ app_begin ] --END-- [ RunTime:0.018554s ]
INFO: [ view_parse ] --START--
INFO: [ template_filter ] --START--
INFO: Run Behavior\ContentReplaceBehavior [ RunTime:0.000338s ]
INFO: [ template_filter ] --END-- [ RunTime:0.000499s ]
INFO: Run Behavior\ParseTemplateBehavior [ RunTime:0.137840s ]
INFO: [ view_parse ] --END-- [ RunTime:0.138084s ]
INFO: [ view_filter ] --START--
INFO: Run Behavior\WriteHtmlCacheBehavior [ RunTime:0.062212s ]
INFO: [ view_filter ] --END-- [ RunTime:0.062375s ]
INFO: [ app_end ] --START--
INFO: Run Behavior\ShowPageTraceBehavior [ RunTime:0.008259s ]
INFO: [ app_end ] --END-- [ RunTime:0.008437s ]

[ 2016-12-21T19:27:43+08:00 ] 127.0.0.1 /Index/index.html
INFO: [ app_begin ] --START--
INFO: Run Behavior\ReadHtmlCacheBehavior [ RunTime:0.000667s ]
INFO: [ app_begin ] --END-- [ RunTime:0.001191s ]
INFO: [ view_parse ] --START--
INFO: [ template_filter ] --START--
INFO: Run Behavior\ContentReplaceBehavior [ RunTime:0.000704s ]
INFO: [ template_filter ] --END-- [ RunTime:0.000817s ]
INFO: Run Behavior\ParseTemplateBehavior [ RunTime:0.149539s ]
INFO: [ view_parse ] --END-- [ RunTime:0.149645s ]
INFO: [ view_filter ] --START--
INFO: Run Behavior\WriteHtmlCacheBehavior [ RunTime:0.000576s ]
INFO: [ view_filter ] --END-- [ RunTime:0.000659s ]
INFO: [ app_end ] --START--
INFO: Run Behavior\ShowPageTraceBehavior [ RunTime:0.000921s ]
INFO: [ app_end ] --END-- [ RunTime:0.001012s ]

[ 2016-12-21T19:27:46+08:00 ] 127.0.0.1 /Public/Common/js/plugins/pace/pace.min.js
INFO: [ app_begin ] --START--
INFO: Run Behavior\ReadHtmlCacheBehavior [ RunTime:0.000741s ]
INFO: [ app_begin ] --END-- [ RunTime:0.001259s ]
ERR: 无法加载控制器:Public

[ 2016-12-21T19:27:46+08:00 ] 127.0.0.1 /Public/Common/js/plugins/pace/pace.min.js
INFO: [ app_begin ] --START--
INFO: Run Behavior\ReadHtmlCacheBehavior [ RunTime:0.000573s ]
INFO: [ app_begin ] --END-- [ RunTime:0.001045s ]
ERR: 无法加载控制器:Public

[ 2016-12-21T19:29:25+08:00 ] 127.0.0.1 /User/myIndex.html
INFO: [ app_begin ] --START--
INFO: Run Behavior\ReadHtmlCacheBehavior [ RunTime:0.001605s ]
INFO: [ app_begin ] --END-- [ RunTime:0.002221s ]
INFO: [ view_parse ] --START--
INFO: [ template_filter ] --START--
INFO: Run Behavior\ContentReplaceBehavior [ RunTime:0.000059s ]
INFO: [ template_filter ] --END-- [ RunTime:0.000138s ]
INFO: Run Behavior\ParseTemplateBehavior [ RunTime:0.008642s ]
INFO: [ view_parse ] --END-- [ RunTime:0.008726s ]
INFO: [ view_filter ] --START--
INFO: Run Behavior\WriteHtmlCacheBehavior [ RunTime:0.000371s ]
INFO: [ view_filter ] --END-- [ RunTime:0.000429s ]
INFO: [ app_end ] --START--
INFO: Run Behavior\ShowPageTraceBehavior [ RunTime:0.000742s ]
INFO: [ app_end ] --END-- [ RunTime:0.000826s ]

[ 2016-12-21T19:30:12+08:00 ] 127.0.0.1 /User/myIndex.html
INFO: [ app_begin ] --START--
INFO: Run Behavior\ReadHtmlCacheBehavior [ RunTime:0.000776s ]
INFO: [ app_begin ] --END-- [ RunTime:0.001319s ]
INFO: [ view_parse ] --START--
INFO: [ template_filter ] --START--
INFO: Run Behavior\ContentReplaceBehavior [ RunTime:0.000231s ]
INFO: [ template_filter ] --END-- [ RunTime:0.000380s ]
NOTIC: [8] Undefined variable: uinfo E:\Project\application\Runtime\Cache\Home\b8e9c55c6f29af9268f47336cfb36862.php 第 31 行.
NOTIC: [8] Undefined variable: uinfo E:\Project\application\Runtime\Cache\Home\b8e9c55c6f29af9268f47336cfb36862.php 第 34 行.
NOTIC: [8] Use of undefined constant user_addr - assumed 'user_addr' E:\Project\application\Runtime\Cache\Home\b8e9c55c6f29af9268f47336cfb36862.php 第 35 行.
NOTIC: [8] Undefined variable: uinfo E:\Project\application\Runtime\Cache\Home\b8e9c55c6f29af9268f47336cfb36862.php 第 35 行.
NOTIC: [8] Undefined variable: uinfo E:\Project\application\Runtime\Cache\Home\b8e9c55c6f29af9268f47336cfb36862.php 第 40 行.
INFO: Run Behavior\ParseTemplateBehavior [ RunTime:0.097828s ]
INFO: [ view_parse ] --END-- [ RunTime:0.097938s ]
INFO: [ view_filter ] --START--
INFO: Run Behavior\WriteHtmlCacheBehavior [ RunTime:0.000802s ]
INFO: [ view_filter ] --END-- [ RunTime:0.000920s ]
INFO: [ app_end ] --START--
INFO: Run Behavior\ShowPageTraceBehavior [ RunTime:0.001195s ]
INFO: [ app_end ] --END-- [ RunTime:0.001322s ]

[ 2016-12-21T19:30:12+08:00 ] 127.0.0.1 /Public/Common/js/demo/peity-demo.js
INFO: [ app_begin ] --START--
INFO: Run Behavior\ReadHtmlCacheBehavior [ RunTime:0.001363s ]
INFO: [ app_begin ] --END-- [ RunTime:0.002306s ]
ERR: 无法加载控制器:Public

[ 2016-12-21T19:34:48+08:00 ] 127.0.0.1 /User/smsgIndex.html
INFO: [ app_begin ] --START--
INFO: Run Behavior\ReadHtmlCacheBehavior [ RunTime:0.000868s ]
INFO: [ app_begin ] --END-- [ RunTime:0.001612s ]
SQL: select s.*,u1.user_nickname,u1.user_header,u1.user_id from ss_smsg as s left join ss_user1 as u1 on s.from_id=u1.user_id order by s.smsg_ctime desc [ RunTime:0.0743s ]
SQL: SELECT * FROM `ss_up` WHERE ( user_id=1 and msg_id=2 and up_type=0 )  [ RunTime:0.0385s ]
SQL: SELECT * FROM `ss_up` WHERE ( user_id=1 and msg_id=1 and up_type=0 )  [ RunTime:0.0007s ]
SQL: SELECT * FROM `ss_comment` WHERE ( title_id=2 ) ORDER BY comm_ctime asc LIMIT 5   [ RunTime:0.1491s ]
SQL: SELECT `user_nickname`,`user_header`,`user_id` FROM `ss_user1` WHERE ( 1=1 AND user_id='1' ) LIMIT 1   [ RunTime:0.0207s ]
SQL: SELECT * FROM `ss_up` WHERE ( user_id=1 and msg_id=12 and up_type=1 )  [ RunTime:0.0008s ]
SQL: SELECT * FROM `ss_comment` WHERE ( title_id=1 ) ORDER BY comm_ctime asc LIMIT 5   [ RunTime:0.0008s ]
SQL: SELECT `user_nickname`,`user_header`,`user_id` FROM `ss_user1` WHERE ( 1=1 AND user_id='1' ) LIMIT 1   [ RunTime:0.0007s ]
SQL: SELECT `user_nickname`,`user_header`,`user_id` FROM `ss_user1` WHERE ( 1=1 AND user_id='1' ) LIMIT 1   [ RunTime:0.0007s ]
SQL: SELECT `user_nickname`,`user_header`,`user_id` FROM `ss_user1` WHERE ( 1=1 AND user_id='1' ) LIMIT 1   [ RunTime:0.0006s ]
SQL: SELECT `user_nickname`,`user_header`,`user_id` FROM `ss_user1` WHERE ( 1=1 AND user_id='1' ) LIMIT 1   [ RunTime:0.0006s ]
SQL: SELECT `user_nickname`,`user_header`,`user_id` FROM `ss_user1` WHERE ( 1=1 AND user_id='1' ) LIMIT 1   [ RunTime:0.0007s ]
SQL: SELECT * FROM `ss_up` WHERE ( user_id=1 and msg_id=1 and up_type=1 )  [ RunTime:0.0007s ]
SQL: SELECT * FROM `ss_up` WHERE ( user_id=1 and msg_id=6 and up_type=1 )  [ RunTime:0.0007s ]
SQL: SELECT * FROM `ss_up` WHERE ( user_id=1 and msg_id=7 and up_type=1 )  [ RunTime:0.0006s ]
SQL: SELECT * FROM `ss_up` WHERE ( user_id=1 and msg_id=8 and up_type=1 )  [ RunTime:0.0006s ]
SQL: SELECT * FROM `ss_up` WHERE ( user_id=1 and msg_id=9 and up_type=1 )  [ RunTime:0.0006s ]
INFO: [ view_parse ] --START--
INFO: [ template_filter ] --START--
INFO: Run Behavior\ContentReplaceBehavior [ RunTime:0.000207s ]
INFO: [ template_filter ] --END-- [ RunTime:0.000307s ]
INFO: Run Behavior\ParseTemplateBehavior [ RunTime:0.055957s ]
INFO: [ view_parse ] --END-- [ RunTime:0.056085s ]
INFO: [ view_filter ] --START--
INFO: Run Behavior\WriteHtmlCacheBehavior [ RunTime:0.000539s ]
INFO: [ view_filter ] --END-- [ RunTime:0.000621s ]
INFO: [ app_end ] --START--
INFO: Run Behavior\ShowPageTraceBehavior [ RunTime:0.002186s ]
INFO: [ app_end ] --END-- [ RunTime:0.002288s ]

[ 2016-12-21T19:35:09+08:00 ] 127.0.0.1 /User/smsgUpCheck.html
INFO: [ app_begin ] --START--
INFO: Run Behavior\ReadHtmlCacheBehavior [ RunTime:0.000554s ]
INFO: [ app_begin ] --END-- [ RunTime:0.000976s ]
SQL: SELECT * FROM `ss_up` WHERE ( msg_id=12 and user_id=1 and up_type=1 ) LIMIT 1   [ RunTime:0.0006s ]
INFO: [ app_end ] --START--
INFO: Run Behavior\ShowPageTraceBehavior [ RunTime:0.001345s ]
INFO: [ app_end ] --END-- [ RunTime:0.001472s ]

[ 2016-12-21T19:35:10+08:00 ] 127.0.0.1 /User/smsgUp.html
INFO: [ app_begin ] --START--
INFO: Run Behavior\ReadHtmlCacheBehavior [ RunTime:0.000598s ]
INFO: [ app_begin ] --END-- [ RunTime:0.001158s ]
SQL: SELECT * FROM `ss_up` WHERE ( msg_id=12 and user_id=1 and up_type=1 ) LIMIT 1   [ RunTime:0.0007s ]
SQL: INSERT INTO `ss_up` (`msg_id`,`up_type`,`user_id`) VALUES ('12','1','1') [ RunTime:0.0007s ]
SQL: UPDATE `ss_comment` SET `comm_up`=comm_up+1 WHERE ( comm_id=12 ) [ RunTime:0.3227s ]
INFO: [ app_end ] --START--
INFO: Run Behavior\ShowPageTraceBehavior [ RunTime:0.001463s ]
INFO: [ app_end ] --END-- [ RunTime:0.001592s ]

[ 2016-12-21T19:35:12+08:00 ] 127.0.0.1 /User/smsgUpCheck.html
INFO: [ app_begin ] --START--
INFO: Run Behavior\ReadHtmlCacheBehavior [ RunTime:0.000820s ]
INFO: [ app_begin ] --END-- [ RunTime:0.001673s ]
SQL: SELECT * FROM `ss_up` WHERE ( msg_id=9 and user_id=1 and up_type=1 ) LIMIT 1   [ RunTime:0.0006s ]
INFO: [ app_end ] --START--
INFO: Run Behavior\ShowPageTraceBehavior [ RunTime:0.001411s ]
INFO: [ app_end ] --END-- [ RunTime:0.001539s ]

[ 2016-12-21T19:35:13+08:00 ] 127.0.0.1 /User/smsgUp.html
INFO: [ app_begin ] --START--
INFO: Run Behavior\ReadHtmlCacheBehavior [ RunTime:0.000879s ]
INFO: [ app_begin ] --END-- [ RunTime:0.001562s ]
SQL: SELECT * FROM `ss_up` WHERE ( msg_id=9 and user_id=1 and up_type=1 ) LIMIT 1   [ RunTime:0.0006s ]
SQL: INSERT INTO `ss_up` (`msg_id`,`up_type`,`user_id`) VALUES ('9','1','1') [ RunTime:0.0005s ]
SQL: UPDATE `ss_comment` SET `comm_up`=comm_up+1 WHERE ( comm_id=9 ) [ RunTime:0.0031s ]
INFO: [ app_end ] --START--
INFO: Run Behavior\ShowPageTraceBehavior [ RunTime:0.001354s ]
INFO: [ app_end ] --END-- [ RunTime:0.001482s ]

[ 2016-12-21T19:35:17+08:00 ] 127.0.0.1 /User/smsgIndex.html
INFO: [ app_begin ] --START--
INFO: Run Behavior\ReadHtmlCacheBehavior [ RunTime:0.000683s ]
INFO: [ app_begin ] --END-- [ RunTime:0.001216s ]
SQL: select s.*,u1.user_nickname,u1.user_header,u1.user_id from ss_smsg as s left join ss_user1 as u1 on s.from_id=u1.user_id order by s.smsg_ctime desc [ RunTime:0.0009s ]
SQL: SELECT * FROM `ss_up` WHERE ( user_id=1 and msg_id=2 and up_type=0 )  [ RunTime:0.0006s ]
SQL: SELECT * FROM `ss_up` WHERE ( user_id=1 and msg_id=1 and up_type=0 )  [ RunTime:0.0007s ]
SQL: SELECT * FROM `ss_comment` WHERE ( title_id=2 ) ORDER BY comm_ctime asc LIMIT 5   [ RunTime:0.0007s ]
SQL: SELECT `user_nickname`,`user_header`,`user_id` FROM `ss_user1` WHERE ( 1=1 AND user_id='1' ) LIMIT 1   [ RunTime:0.0007s ]
SQL: SELECT * FROM `ss_up` WHERE ( user_id=1 and msg_id=12 and up_type=1 )  [ RunTime:0.0006s ]
SQL: SELECT * FROM `ss_comment` WHERE ( title_id=1 ) ORDER BY comm_ctime asc LIMIT 5   [ RunTime:0.0007s ]
SQL: SELECT `user_nickname`,`user_header`,`user_id` FROM `ss_user1` WHERE ( 1=1 AND user_id='1' ) LIMIT 1   [ RunTime:0.0006s ]
SQL: SELECT `user_nickname`,`user_header`,`user_id` FROM `ss_user1` WHERE ( 1=1 AND user_id='1' ) LIMIT 1   [ RunTime:0.0006s ]
SQL: SELECT `user_nickname`,`user_header`,`user_id` FROM `ss_user1` WHERE ( 1=1 AND user_id='1' ) LIMIT 1   [ RunTime:0.0007s ]
SQL: SELECT `user_nickname`,`user_header`,`user_id` FROM `ss_user1` WHERE ( 1=1 AND user_id='1' ) LIMIT 1   [ RunTime:0.0006s ]
SQL: SELECT `user_nickname`,`user_header`,`user_id` FROM `ss_user1` WHERE ( 1=1 AND user_id='1' ) LIMIT 1   [ RunTime:0.0005s ]
SQL: SELECT * FROM `ss_up` WHERE ( user_id=1 and msg_id=1 and up_type=1 )  [ RunTime:0.0005s ]
SQL: SELECT * FROM `ss_up` WHERE ( user_id=1 and msg_id=6 and up_type=1 )  [ RunTime:0.0006s ]
SQL: SELECT * FROM `ss_up` WHERE ( user_id=1 and msg_id=7 and up_type=1 )  [ RunTime:0.0005s ]
SQL: SELECT * FROM `ss_up` WHERE ( user_id=1 and msg_id=8 and up_type=1 )  [ RunTime:0.0006s ]
SQL: SELECT * FROM `ss_up` WHERE ( user_id=1 and msg_id=9 and up_type=1 )  [ RunTime:0.0006s ]
INFO: [ view_parse ] --START--
INFO: [ template_filter ] --START--
INFO: Run Behavior\ContentReplaceBehavior [ RunTime:0.000141s ]
INFO: [ template_filter ] --END-- [ RunTime:0.000227s ]
INFO: Run Behavior\ParseTemplateBehavior [ RunTime:0.014693s ]
INFO: [ view_parse ] --END-- [ RunTime:0.014802s ]
INFO: [ view_filter ] --START--
INFO: Run Behavior\WriteHtmlCacheBehavior [ RunTime:0.000484s ]
INFO: [ view_filter ] --END-- [ RunTime:0.000550s ]
INFO: [ app_end ] --START--
INFO: Run Behavior\ShowPageTraceBehavior [ RunTime:0.000800s ]
INFO: [ app_end ] --END-- [ RunTime:0.000916s ]

[ 2016-12-21T19:36:55+08:00 ] 127.0.0.1 /User/smsgIndex.html
INFO: [ app_begin ] --START--
INFO: Run Behavior\ReadHtmlCacheBehavior [ RunTime:0.000683s ]
INFO: [ app_begin ] --END-- [ RunTime:0.001186s ]
SQL: select s.*,u1.user_nickname,u1.user_header,u1.user_id from ss_smsg as s left join ss_user1 as u1 on s.from_id=u1.user_id order by s.smsg_ctime desc [ RunTime:0.0005s ]
SQL: SELECT * FROM `ss_up` WHERE ( user_id=1 and msg_id=2 and up_type=0 )  [ RunTime:0.0004s ]
SQL: SELECT * FROM `ss_up` WHERE ( user_id=1 and msg_id=1 and up_type=0 )  [ RunTime:0.0004s ]
SQL: SELECT * FROM `ss_comment` WHERE ( title_id=2 ) ORDER BY comm_ctime asc LIMIT 5   [ RunTime:0.0004s ]
SQL: SELECT `user_nickname`,`user_header`,`user_id` FROM `ss_user1` WHERE ( 1=1 AND user_id='1' ) LIMIT 1   [ RunTime:0.0004s ]
SQL: SELECT * FROM `ss_up` WHERE ( user_id=1 and msg_id=12 and up_type=1 )  [ RunTime:0.0003s ]
SQL: SELECT * FROM `ss_comment` WHERE ( title_id=1 ) ORDER BY comm_ctime asc LIMIT 5   [ RunTime:0.0004s ]
SQL: SELECT `user_nickname`,`user_header`,`user_id` FROM `ss_user1` WHERE ( 1=1 AND user_id='1' ) LIMIT 1   [ RunTime:0.0003s ]
SQL: SELECT `user_nickname`,`user_header`,`user_id` FROM `ss_user1` WHERE ( 1=1 AND user_id='1' ) LIMIT 1   [ RunTime:0.0003s ]
SQL: SELECT `user_nickname`,`user_header`,`user_id` FROM `ss_user1` WHERE ( 1=1 AND user_id='1' ) LIMIT 1   [ RunTime:0.0003s ]
SQL: SELECT `user_nickname`,`user_header`,`user_id` FROM `ss_user1` WHERE ( 1=1 AND user_id='1' ) LIMIT 1   [ RunTime:0.0003s ]
SQL: SELECT `user_nickname`,`user_header`,`user_id` FROM `ss_user1` WHERE ( 1=1 AND user_id='1' ) LIMIT 1   [ RunTime:0.0004s ]
SQL: SELECT * FROM `ss_up` WHERE ( user_id=1 and msg_id=1 and up_type=1 )  [ RunTime:0.0004s ]
SQL: SELECT * FROM `ss_up` WHERE ( user_id=1 and msg_id=6 and up_type=1 )  [ RunTime:0.0003s ]
SQL: SELECT * FROM `ss_up` WHERE ( user_id=1 and msg_id=7 and up_type=1 )  [ RunTime:0.0003s ]
SQL: SELECT * FROM `ss_up` WHERE ( user_id=1 and msg_id=8 and up_type=1 )  [ RunTime:0.0002s ]
SQL: SELECT * FROM `ss_up` WHERE ( user_id=1 and msg_id=9 and up_type=1 )  [ RunTime:0.0003s ]
INFO: [ view_parse ] --START--
INFO: [ template_filter ] --START--
INFO: Run Behavior\ContentReplaceBehavior [ RunTime:0.000128s ]
INFO: [ template_filter ] --END-- [ RunTime:0.000212s ]
INFO: Run Behavior\ParseTemplateBehavior [ RunTime:0.014240s ]
INFO: [ view_parse ] --END-- [ RunTime:0.014313s ]
INFO: [ view_filter ] --START--
INFO: Run Behavior\WriteHtmlCacheBehavior [ RunTime:0.000404s ]
INFO: [ view_filter ] --END-- [ RunTime:0.000459s ]
INFO: [ app_end ] --START--
INFO: Run Behavior\ShowPageTraceBehavior [ RunTime:0.000825s ]
INFO: [ app_end ] --END-- [ RunTime:0.000918s ]

[ 2016-12-21T19:36:59+08:00 ] 127.0.0.1 /User/smsgUpCheck.html
INFO: [ app_begin ] --START--
INFO: Run Behavior\ReadHtmlCacheBehavior [ RunTime:0.000692s ]
INFO: [ app_begin ] --END-- [ RunTime:0.001175s ]
SQL: SELECT * FROM `ss_up` WHERE ( msg_id=8 and user_id=1 and up_type=1 ) LIMIT 1   [ RunTime:0.0007s ]
INFO: [ app_end ] --START--
INFO: Run Behavior\ShowPageTraceBehavior [ RunTime:0.001482s ]
INFO: [ app_end ] --END-- [ RunTime:0.001613s ]

[ 2016-12-21T19:37:00+08:00 ] 127.0.0.1 /User/smsgUp.html
INFO: [ app_begin ] --START--
INFO: Run Behavior\ReadHtmlCacheBehavior [ RunTime:0.000619s ]
INFO: [ app_begin ] --END-- [ RunTime:0.001091s ]
SQL: SELECT * FROM `ss_up` WHERE ( msg_id=8 and user_id=1 and up_type=1 ) LIMIT 1   [ RunTime:0.0007s ]
SQL: INSERT INTO `ss_up` (`msg_id`,`up_type`,`user_id`) VALUES ('8','1','1') [ RunTime:0.0006s ]
SQL: UPDATE `ss_comment` SET `comm_up`=comm_up+1 WHERE ( comm_id=8 ) [ RunTime:0.0007s ]
INFO: [ app_end ] --START--
INFO: Run Behavior\ShowPageTraceBehavior [ RunTime:0.001484s ]
INFO: [ app_end ] --END-- [ RunTime:0.001614s ]

[ 2016-12-21T19:37:02+08:00 ] 127.0.0.1 /User/smsgIndex.html
INFO: [ app_begin ] --START--
INFO: Run Behavior\ReadHtmlCacheBehavior [ RunTime:0.000612s ]
INFO: [ app_begin ] --END-- [ RunTime:0.001021s ]
SQL: select s.*,u1.user_nickname,u1.user_header,u1.user_id from ss_smsg as s left join ss_user1 as u1 on s.from_id=u1.user_id order by s.smsg_ctime desc [ RunTime:0.0007s ]
SQL: SELECT * FROM `ss_up` WHERE ( user_id=1 and msg_id=2 and up_type=0 )  [ RunTime:0.0004s ]
SQL: SELECT * FROM `ss_up` WHERE ( user_id=1 and msg_id=1 and up_type=0 )  [ RunTime:0.0008s ]
SQL: SELECT * FROM `ss_comment` WHERE ( title_id=2 ) ORDER BY comm_ctime asc LIMIT 5   [ RunTime:0.0006s ]
SQL: SELECT `user_nickname`,`user_header`,`user_id` FROM `ss_user1` WHERE ( 1=1 AND user_id='1' ) LIMIT 1   [ RunTime:0.0006s ]
SQL: SELECT * FROM `ss_up` WHERE ( user_id=1 and msg_id=12 and up_type=1 )  [ RunTime:0.0006s ]
SQL: SELECT * FROM `ss_comment` WHERE ( title_id=1 ) ORDER BY comm_ctime asc LIMIT 5   [ RunTime:0.0007s ]
SQL: SELECT `user_nickname`,`user_header`,`user_id` FROM `ss_user1` WHERE ( 1=1 AND user_id='1' ) LIMIT 1   [ RunTime:0.0006s ]
SQL: SELECT `user_nickname`,`user_header`,`user_id` FROM `ss_user1` WHERE ( 1=1 AND user_id='1' ) LIMIT 1   [ RunTime:0.0006s ]
SQL: SELECT `user_nickname`,`user_header`,`user_id` FROM `ss_user1` WHERE ( 1=1 AND user_id='1' ) LIMIT 1   [ RunTime:0.0005s ]
SQL: SELECT `user_nickname`,`user_header`,`user_id` FROM `ss_user1` WHERE ( 1=1 AND user_id='1' ) LIMIT 1   [ RunTime:0.0006s ]
SQL: SELECT `user_nickname`,`user_header`,`user_id` FROM `ss_user1` WHERE ( 1=1 AND user_id='1' ) LIMIT 1   [ RunTime:0.0006s ]
SQL: SELECT * FROM `ss_up` WHERE ( user_id=1 and msg_id=1 and up_type=1 )  [ RunTime:0.0006s ]
SQL: SELECT * FROM `ss_up` WHERE ( user_id=1 and msg_id=6 and up_type=1 )  [ RunTime:0.0006s ]
SQL: SELECT * FROM `ss_up` WHERE ( user_id=1 and msg_id=7 and up_type=1 )  [ RunTime:0.0005s ]
SQL: SELECT * FROM `ss_up` WHERE ( user_id=1 and msg_id=8 and up_type=1 )  [ RunTime:0.0005s ]
SQL: SELECT * FROM `ss_up` WHERE ( user_id=1 and msg_id=9 and up_type=1 )  [ RunTime:0.0005s ]
INFO: [ view_parse ] --START--
INFO: [ template_filter ] --START--
INFO: Run Behavior\ContentReplaceBehavior [ RunTime:0.000266s ]
INFO: [ template_filter ] --END-- [ RunTime:0.000419s ]
INFO: Run Behavior\ParseTemplateBehavior [ RunTime:0.026085s ]
INFO: [ view_parse ] --END-- [ RunTime:0.026194s ]
INFO: [ view_filter ] --START--
INFO: Run Behavior\WriteHtmlCacheBehavior [ RunTime:0.000491s ]
INFO: [ view_filter ] --END-- [ RunTime:0.000561s ]
INFO: [ app_end ] --START--
INFO: Run Behavior\ShowPageTraceBehavior [ RunTime:0.000968s ]
INFO: [ app_end ] --END-- [ RunTime:0.001062s ]

[ 2016-12-21T19:39:10+08:00 ] 127.0.0.1 /User/myIndex.html
INFO: [ app_begin ] --START--
INFO: Run Behavior\ReadHtmlCacheBehavior [ RunTime:0.000911s ]
INFO: [ app_begin ] --END-- [ RunTime:0.001544s ]
INFO: [ view_parse ] --START--
INFO: [ template_filter ] --START--
INFO: Run Behavior\ContentReplaceBehavior [ RunTime:0.000111s ]
INFO: [ template_filter ] --END-- [ RunTime:0.000185s ]
NOTIC: [8] Undefined index: $uinfo E:\Project\application\Runtime\Cache\Home\b8e9c55c6f29af9268f47336cfb36862.php 第 34 行.
NOTIC: [8] Use of undefined constant user_addr - assumed 'user_addr' E:\Project\application\Runtime\Cache\Home\b8e9c55c6f29af9268f47336cfb36862.php 第 35 行.
NOTIC: [8] Undefined variable: uinfo E:\Project\application\Runtime\Cache\Home\b8e9c55c6f29af9268f47336cfb36862.php 第 35 行.
NOTIC: [8] Undefined variable: uinfo E:\Project\application\Runtime\Cache\Home\b8e9c55c6f29af9268f47336cfb36862.php 第 40 行.
INFO: Run Behavior\ParseTemplateBehavior [ RunTime:0.010725s ]
INFO: [ view_parse ] --END-- [ RunTime:0.010805s ]
INFO: [ view_filter ] --START--
INFO: Run Behavior\WriteHtmlCacheBehavior [ RunTime:0.000468s ]
INFO: [ view_filter ] --END-- [ RunTime:0.000526s ]
INFO: [ app_end ] --START--
INFO: Run Behavior\ShowPageTraceBehavior [ RunTime:0.000707s ]
INFO: [ app_end ] --END-- [ RunTime:0.000767s ]

[ 2016-12-21T19:39:10+08:00 ] 127.0.0.1 /Public/Common/js/demo/peity-demo.js
INFO: [ app_begin ] --START--
INFO: Run Behavior\ReadHtmlCacheBehavior [ RunTime:0.000935s ]
INFO: [ app_begin ] --END-- [ RunTime:0.001768s ]
ERR: 无法加载控制器:Public

[ 2016-12-21T19:39:50+08:00 ] 127.0.0.1 /User/myIndex.html
INFO: [ app_begin ] --START--
INFO: Run Behavior\ReadHtmlCacheBehavior [ RunTime:0.000734s ]
INFO: [ app_begin ] --END-- [ RunTime:0.001303s ]
INFO: [ view_parse ] --START--
INFO: [ template_filter ] --START--
INFO: Run Behavior\ContentReplaceBehavior [ RunTime:0.000111s ]
INFO: [ template_filter ] --END-- [ RunTime:0.000183s ]
NOTIC: [8] Undefined index: $uinfo E:\Project\application\Runtime\Cache\Home\b8e9c55c6f29af9268f47336cfb36862.php 第 34 行.
NOTIC: [8] Use of undefined constant user_addr - assumed 'user_addr' E:\Project\application\Runtime\Cache\Home\b8e9c55c6f29af9268f47336cfb36862.php 第 35 行.
NOTIC: [8] Undefined variable: uinfo E:\Project\application\Runtime\Cache\Home\b8e9c55c6f29af9268f47336cfb36862.php 第 35 行.
NOTIC: [8] Undefined variable: uinfo E:\Project\application\Runtime\Cache\Home\b8e9c55c6f29af9268f47336cfb36862.php 第 40 行.
INFO: Run Behavior\ParseTemplateBehavior [ RunTime:0.009005s ]
INFO: [ view_parse ] --END-- [ RunTime:0.009073s ]
INFO: [ view_filter ] --START--
INFO: Run Behavior\WriteHtmlCacheBehavior [ RunTime:0.000422s ]
INFO: [ view_filter ] --END-- [ RunTime:0.000477s ]
INFO: [ app_end ] --START--
INFO: Run Behavior\ShowPageTraceBehavior [ RunTime:0.000639s ]
INFO: [ app_end ] --END-- [ RunTime:0.000695s ]

[ 2016-12-21T19:39:51+08:00 ] 127.0.0.1 /Public/Common/js/demo/peity-demo.js
INFO: [ app_begin ] --START--
INFO: Run Behavior\ReadHtmlCacheBehavior [ RunTime:0.000683s ]
INFO: [ app_begin ] --END-- [ RunTime:0.001239s ]
ERR: 无法加载控制器:Public

[ 2016-12-21T19:40:05+08:00 ] 127.0.0.1 /User/Index
INFO: [ app_begin ] --START--
INFO: Run Behavior\ReadHtmlCacheBehavior [ RunTime:0.000549s ]
INFO: [ app_begin ] --END-- [ RunTime:0.000987s ]
ERR: 1064:You have an error in your SQL syntax; check the manual that corresponds to your MySQL server version for the right syntax to use near ') LIMIT 1' at line 1
 [ SQL语句 ] : SELECT * FROM `ss_user1` WHERE ( user_id= ) LIMIT 1  
ERR: 1064:You have an error in your SQL syntax; check the manual that corresponds to your MySQL server version for the right syntax to use near ') LIMIT 1' at line 1
 [ SQL语句 ] : SELECT * FROM `ss_user1` WHERE ( user_id= ) LIMIT 1  

[ 2016-12-21T19:40:19+08:00 ] 127.0.0.1 /User/myIndex
INFO: [ app_begin ] --START--
INFO: Run Behavior\ReadHtmlCacheBehavior [ RunTime:0.000583s ]
INFO: [ app_begin ] --END-- [ RunTime:0.001035s ]
INFO: [ view_parse ] --START--
INFO: [ template_filter ] --START--
INFO: Run Behavior\ContentReplaceBehavior [ RunTime:0.000114s ]
INFO: [ template_filter ] --END-- [ RunTime:0.000192s ]
NOTIC: [8] Undefined index: $uinfo E:\Project\application\Runtime\Cache\Home\b8e9c55c6f29af9268f47336cfb36862.php 第 34 行.
NOTIC: [8] Use of undefined constant user_addr - assumed 'user_addr' E:\Project\application\Runtime\Cache\Home\b8e9c55c6f29af9268f47336cfb36862.php 第 35 行.
NOTIC: [8] Undefined variable: uinfo E:\Project\application\Runtime\Cache\Home\b8e9c55c6f29af9268f47336cfb36862.php 第 35 行.
NOTIC: [8] Undefined variable: uinfo E:\Project\application\Runtime\Cache\Home\b8e9c55c6f29af9268f47336cfb36862.php 第 40 行.
INFO: Run Behavior\ParseTemplateBehavior [ RunTime:0.008839s ]
INFO: [ view_parse ] --END-- [ RunTime:0.008926s ]
INFO: [ view_filter ] --START--
INFO: Run Behavior\WriteHtmlCacheBehavior [ RunTime:0.000365s ]
INFO: [ view_filter ] --END-- [ RunTime:0.000418s ]
INFO: [ app_end ] --START--
INFO: Run Behavior\ShowPageTraceBehavior [ RunTime:0.000568s ]
INFO: [ app_end ] --END-- [ RunTime:0.000625s ]

[ 2016-12-21T19:40:19+08:00 ] 127.0.0.1 /Public/Common/js/demo/peity-demo.js
INFO: [ app_begin ] --START--
INFO: Run Behavior\ReadHtmlCacheBehavior [ RunTime:0.000811s ]
INFO: [ app_begin ] --END-- [ RunTime:0.001445s ]
ERR: 无法加载控制器:Public

[ 2016-12-21T20:48:07+08:00 ] 127.0.0.1 /User/myIndex
INFO: [ app_begin ] --START--
INFO: Run Behavior\ReadHtmlCacheBehavior [ RunTime:0.000800s ]
INFO: [ app_begin ] --END-- [ RunTime:0.001349s ]
INFO: [ view_parse ] --START--
INFO: [ template_filter ] --START--
INFO: Run Behavior\ContentReplaceBehavior [ RunTime:0.000114s ]
INFO: [ template_filter ] --END-- [ RunTime:0.000191s ]
NOTIC: [8] Undefined index: $uinfo E:\Project\application\Runtime\Cache\Home\b8e9c55c6f29af9268f47336cfb36862.php 第 34 行.
NOTIC: [8] Use of undefined constant user_addr - assumed 'user_addr' E:\Project\application\Runtime\Cache\Home\b8e9c55c6f29af9268f47336cfb36862.php 第 35 行.
NOTIC: [8] Undefined variable: uinfo E:\Project\application\Runtime\Cache\Home\b8e9c55c6f29af9268f47336cfb36862.php 第 35 行.
NOTIC: [8] Undefined variable: uinfo E:\Project\application\Runtime\Cache\Home\b8e9c55c6f29af9268f47336cfb36862.php 第 40 行.
INFO: Run Behavior\ParseTemplateBehavior [ RunTime:0.009825s ]
INFO: [ view_parse ] --END-- [ RunTime:0.009895s ]
INFO: [ view_filter ] --START--
INFO: Run Behavior\WriteHtmlCacheBehavior [ RunTime:0.000452s ]
INFO: [ view_filter ] --END-- [ RunTime:0.000513s ]
INFO: [ app_end ] --START--
INFO: Run Behavior\ShowPageTraceBehavior [ RunTime:0.000742s ]
INFO: [ app_end ] --END-- [ RunTime:0.000825s ]

[ 2016-12-21T20:48:07+08:00 ] 127.0.0.1 /Public/Common/js/demo/peity-demo.js
INFO: [ app_begin ] --START--
INFO: Run Behavior\ReadHtmlCacheBehavior [ RunTime:0.000901s ]
INFO: [ app_begin ] --END-- [ RunTime:0.001566s ]
ERR: 无法加载控制器:Public

[ 2016-12-21T20:48:07+08:00 ] 127.0.0.1 /Public/Common/js/demo/peity-demo.js
INFO: [ app_begin ] --START--
INFO: Run Behavior\ReadHtmlCacheBehavior [ RunTime:0.002383s ]
INFO: [ app_begin ] --END-- [ RunTime:0.003117s ]
ERR: 无法加载控制器:Public

[ 2016-12-21T20:49:11+08:00 ] 127.0.0.1 /User/myIndex
INFO: [ app_begin ] --START--
INFO: Run Behavior\ReadHtmlCacheBehavior [ RunTime:0.000678s ]
INFO: [ app_begin ] --END-- [ RunTime:0.001173s ]
INFO: [ view_parse ] --START--
INFO: [ template_filter ] --START--
INFO: Run Behavior\ContentReplaceBehavior [ RunTime:0.000110s ]
INFO: [ template_filter ] --END-- [ RunTime:0.000184s ]
NOTIC: [8] Undefined index: $uinfo E:\Project\application\Runtime\Cache\Home\b8e9c55c6f29af9268f47336cfb36862.php 第 34 行.
NOTIC: [8] Use of undefined constant user_addr - assumed 'user_addr' E:\Project\application\Runtime\Cache\Home\b8e9c55c6f29af9268f47336cfb36862.php 第 35 行.
NOTIC: [8] Undefined variable: uinfo E:\Project\application\Runtime\Cache\Home\b8e9c55c6f29af9268f47336cfb36862.php 第 35 行.
NOTIC: [8] Undefined variable: uinfo E:\Project\application\Runtime\Cache\Home\b8e9c55c6f29af9268f47336cfb36862.php 第 40 行.
INFO: Run Behavior\ParseTemplateBehavior [ RunTime:0.008773s ]
INFO: [ view_parse ] --END-- [ RunTime:0.008845s ]
INFO: [ view_filter ] --START--
INFO: Run Behavior\WriteHtmlCacheBehavior [ RunTime:0.000439s ]
INFO: [ view_filter ] --END-- [ RunTime:0.000495s ]
INFO: [ app_end ] --START--
INFO: Run Behavior\ShowPageTraceBehavior [ RunTime:0.000648s ]
INFO: [ app_end ] --END-- [ RunTime:0.000707s ]

[ 2016-12-21T20:49:11+08:00 ] 127.0.0.1 /Public/Common/js/demo/peity-demo.js
INFO: [ app_begin ] --START--
INFO: Run Behavior\ReadHtmlCacheBehavior [ RunTime:0.000970s ]
INFO: [ app_begin ] --END-- [ RunTime:0.001617s ]
ERR: 无法加载控制器:Public

[ 2016-12-21T20:49:27+08:00 ] 127.0.0.1 /User/myIndex
INFO: [ app_begin ] --START--
INFO: Run Behavior\ReadHtmlCacheBehavior [ RunTime:0.001535s ]
INFO: [ app_begin ] --END-- [ RunTime:0.002310s ]
INFO: [ view_parse ] --START--
INFO: [ template_filter ] --START--
INFO: Run Behavior\ContentReplaceBehavior [ RunTime:0.000111s ]
INFO: [ template_filter ] --END-- [ RunTime:0.000190s ]
NOTIC: [8] Undefined index: $uinfo E:\Project\application\Runtime\Cache\Home\b8e9c55c6f29af9268f47336cfb36862.php 第 34 行.
NOTIC: [8] Use of undefined constant user_addr - assumed 'user_addr' E:\Project\application\Runtime\Cache\Home\b8e9c55c6f29af9268f47336cfb36862.php 第 35 行.
NOTIC: [8] Undefined variable: uinfo E:\Project\application\Runtime\Cache\Home\b8e9c55c6f29af9268f47336cfb36862.php 第 35 行.
NOTIC: [8] Undefined variable: uinfo E:\Project\application\Runtime\Cache\Home\b8e9c55c6f29af9268f47336cfb36862.php 第 40 行.
INFO: Run Behavior\ParseTemplateBehavior [ RunTime:0.010333s ]
INFO: [ view_parse ] --END-- [ RunTime:0.010407s ]
INFO: [ view_filter ] --START--
INFO: Run Behavior\WriteHtmlCacheBehavior [ RunTime:0.000410s ]
INFO: [ view_filter ] --END-- [ RunTime:0.000465s ]
INFO: [ app_end ] --START--
INFO: Run Behavior\ShowPageTraceBehavior [ RunTime:0.000752s ]
INFO: [ app_end ] --END-- [ RunTime:0.000837s ]

[ 2016-12-21T20:49:27+08:00 ] 127.0.0.1 /Public/Common/js/demo/peity-demo.js
INFO: [ app_begin ] --START--
INFO: Run Behavior\ReadHtmlCacheBehavior [ RunTime:0.001099s ]
INFO: [ app_begin ] --END-- [ RunTime:0.001763s ]
ERR: 无法加载控制器:Public

[ 2016-12-21T20:49:44+08:00 ] 127.0.0.1 /User/myIndex
INFO: [ app_begin ] --START--
INFO: Run Behavior\ReadHtmlCacheBehavior [ RunTime:0.000669s ]
INFO: [ app_begin ] --END-- [ RunTime:0.001103s ]
INFO: [ view_parse ] --START--
INFO: [ template_filter ] --START--
INFO: Run Behavior\ContentReplaceBehavior [ RunTime:0.000112s ]
INFO: [ template_filter ] --END-- [ RunTime:0.000188s ]
NOTIC: [8] Use of undefined constant user_addr - assumed 'user_addr' E:\Project\application\Runtime\Cache\Home\b8e9c55c6f29af9268f47336cfb36862.php 第 35 行.
NOTIC: [8] Undefined variable: uinfo E:\Project\application\Runtime\Cache\Home\b8e9c55c6f29af9268f47336cfb36862.php 第 35 行.
NOTIC: [8] Undefined variable: uinfo E:\Project\application\Runtime\Cache\Home\b8e9c55c6f29af9268f47336cfb36862.php 第 40 行.
INFO: Run Behavior\ParseTemplateBehavior [ RunTime:0.008909s ]
INFO: [ view_parse ] --END-- [ RunTime:0.008978s ]
INFO: [ view_filter ] --START--
INFO: Run Behavior\WriteHtmlCacheBehavior [ RunTime:0.000426s ]
INFO: [ view_filter ] --END-- [ RunTime:0.000480s ]
INFO: [ app_end ] --START--
INFO: Run Behavior\ShowPageTraceBehavior [ RunTime:0.000647s ]
INFO: [ app_end ] --END-- [ RunTime:0.000704s ]

[ 2016-12-21T20:49:44+08:00 ] 127.0.0.1 /Public/Common/js/demo/peity-demo.js
INFO: [ app_begin ] --START--
INFO: Run Behavior\ReadHtmlCacheBehavior [ RunTime:0.000669s ]
INFO: [ app_begin ] --END-- [ RunTime:0.001289s ]
ERR: 无法加载控制器:Public

[ 2016-12-21T20:59:09+08:00 ] 127.0.0.1 /User/myIndex
INFO: [ app_begin ] --START--
INFO: Run Behavior\ReadHtmlCacheBehavior [ RunTime:0.001062s ]
INFO: [ app_begin ] --END-- [ RunTime:0.001613s ]
SQL: SELECT * FROM `ss_user1` WHERE `user_id` = '1' LIMIT 1   [ RunTime:0.0010s ]
INFO: [ view_parse ] --START--
INFO: [ template_filter ] --START--
INFO: Run Behavior\ContentReplaceBehavior [ RunTime:0.000169s ]
INFO: [ template_filter ] --END-- [ RunTime:0.000276s ]
NOTIC: [8] Use of undefined constant user_addr - assumed 'user_addr' E:\Project\application\Runtime\Cache\Home\b8e9c55c6f29af9268f47336cfb36862.php 第 35 行.
NOTIC: [8] Undefined variable: uinfo E:\Project\application\Runtime\Cache\Home\b8e9c55c6f29af9268f47336cfb36862.php 第 35 行.
NOTIC: [8] Undefined variable: uinfo E:\Project\application\Runtime\Cache\Home\b8e9c55c6f29af9268f47336cfb36862.php 第 40 行.
INFO: Run Behavior\ParseTemplateBehavior [ RunTime:0.014161s ]
INFO: [ view_parse ] --END-- [ RunTime:0.014280s ]
INFO: [ view_filter ] --START--
INFO: Run Behavior\WriteHtmlCacheBehavior [ RunTime:0.000703s ]
INFO: [ view_filter ] --END-- [ RunTime:0.000795s ]
INFO: [ app_end ] --START--
INFO: Run Behavior\ShowPageTraceBehavior [ RunTime:0.002649s ]
INFO: [ app_end ] --END-- [ RunTime:0.002786s ]

[ 2016-12-21T20:59:09+08:00 ] 127.0.0.1 /Public/Common/js/demo/peity-demo.js
INFO: [ app_begin ] --START--
INFO: Run Behavior\ReadHtmlCacheBehavior [ RunTime:0.000806s ]
INFO: [ app_begin ] --END-- [ RunTime:0.001427s ]
ERR: 无法加载控制器:Public

[ 2016-12-21T20:59:09+08:00 ] 127.0.0.1 /Public/Common/js/demo/peity-demo.js
INFO: [ app_begin ] --START--
INFO: Run Behavior\ReadHtmlCacheBehavior [ RunTime:0.000877s ]
INFO: [ app_begin ] --END-- [ RunTime:0.001435s ]
ERR: 无法加载控制器:Public

[ 2016-12-21T21:00:51+08:00 ] 127.0.0.1 /User/myIndex
INFO: [ app_begin ] --START--
INFO: Run Behavior\ReadHtmlCacheBehavior [ RunTime:0.000699s ]
INFO: [ app_begin ] --END-- [ RunTime:0.001222s ]
SQL: SELECT `user_cnum`,`user_fnum` FROM `ss_user1` WHERE `user_id` = '1' LIMIT 1   [ RunTime:0.0008s ]
INFO: [ view_parse ] --START--
INFO: [ template_filter ] --START--
INFO: Run Behavior\ContentReplaceBehavior [ RunTime:0.000238s ]
INFO: [ template_filter ] --END-- [ RunTime:0.000389s ]
NOTIC: [8] Use of undefined constant user_addr - assumed 'user_addr' E:\Project\application\Runtime\Cache\Home\b8e9c55c6f29af9268f47336cfb36862.php 第 35 行.
NOTIC: [8] Undefined variable: uinfo E:\Project\application\Runtime\Cache\Home\b8e9c55c6f29af9268f47336cfb36862.php 第 35 行.
NOTIC: [8] Undefined variable: uinfo E:\Project\application\Runtime\Cache\Home\b8e9c55c6f29af9268f47336cfb36862.php 第 40 行.
INFO: Run Behavior\ParseTemplateBehavior [ RunTime:0.019428s ]
INFO: [ view_parse ] --END-- [ RunTime:0.019565s ]
INFO: [ view_filter ] --START--
INFO: Run Behavior\WriteHtmlCacheBehavior [ RunTime:0.000983s ]
INFO: [ view_filter ] --END-- [ RunTime:0.001109s ]
INFO: [ app_end ] --START--
INFO: Run Behavior\ShowPageTraceBehavior [ RunTime:0.001437s ]
INFO: [ app_end ] --END-- [ RunTime:0.001574s ]

[ 2016-12-21T21:00:51+08:00 ] 127.0.0.1 /Public/Common/js/demo/peity-demo.js
INFO: [ app_begin ] --START--
INFO: Run Behavior\ReadHtmlCacheBehavior [ RunTime:0.001070s ]
INFO: [ app_begin ] --END-- [ RunTime:0.001795s ]
ERR: 无法加载控制器:Public

[ 2016-12-21T21:01:43+08:00 ] 127.0.0.1 /User/myIndex
INFO: [ app_begin ] --START--
INFO: Run Behavior\ReadHtmlCacheBehavior [ RunTime:0.000735s ]
INFO: [ app_begin ] --END-- [ RunTime:0.001258s ]
SQL: SELECT `user_cnum`,`user_fnum` FROM `ss_user1` WHERE `user_id` = '1' LIMIT 1   [ RunTime:0.0004s ]
INFO: [ view_parse ] --START--
INFO: [ template_filter ] --START--
INFO: Run Behavior\ContentReplaceBehavior [ RunTime:0.000116s ]
INFO: [ template_filter ] --END-- [ RunTime:0.000196s ]
NOTIC: [8] Use of undefined constant user_addr - assumed 'user_addr' E:\Project\application\Runtime\Cache\Home\b8e9c55c6f29af9268f47336cfb36862.php 第 35 行.
NOTIC: [8] Undefined variable: uinfo E:\Project\application\Runtime\Cache\Home\b8e9c55c6f29af9268f47336cfb36862.php 第 35 行.
NOTIC: [8] Undefined variable: uinfo E:\Project\application\Runtime\Cache\Home\b8e9c55c6f29af9268f47336cfb36862.php 第 40 行.
INFO: Run Behavior\ParseTemplateBehavior [ RunTime:0.008919s ]
INFO: [ view_parse ] --END-- [ RunTime:0.008986s ]
INFO: [ view_filter ] --START--
INFO: Run Behavior\WriteHtmlCacheBehavior [ RunTime:0.000427s ]
INFO: [ view_filter ] --END-- [ RunTime:0.000483s ]
INFO: [ app_end ] --START--
INFO: Run Behavior\ShowPageTraceBehavior [ RunTime:0.000774s ]
INFO: [ app_end ] --END-- [ RunTime:0.000845s ]

[ 2016-12-21T21:01:43+08:00 ] 127.0.0.1 /Public/Common/js/demo/peity-demo.js
INFO: [ app_begin ] --START--
INFO: Run Behavior\ReadHtmlCacheBehavior [ RunTime:0.000539s ]
INFO: [ app_begin ] --END-- [ RunTime:0.000951s ]
ERR: 无法加载控制器:Public

[ 2016-12-21T21:01:43+08:00 ] 127.0.0.1 /Public/Common/js/demo/peity-demo.js
INFO: [ app_begin ] --START--
INFO: Run Behavior\ReadHtmlCacheBehavior [ RunTime:0.000810s ]
INFO: [ app_begin ] --END-- [ RunTime:0.001256s ]
ERR: 无法加载控制器:Public

[ 2016-12-21T21:02:49+08:00 ] 127.0.0.1 /User/myIndex
INFO: [ app_begin ] --START--
INFO: Run Behavior\ReadHtmlCacheBehavior [ RunTime:0.000563s ]
INFO: [ app_begin ] --END-- [ RunTime:0.000986s ]
SQL: SELECT `user_cnum`,`user_fnum` FROM `ss_user1` WHERE `user_id` = '1' LIMIT 1   [ RunTime:0.0004s ]
INFO: [ view_parse ] --START--
INFO: [ template_filter ] --START--
INFO: Run Behavior\ContentReplaceBehavior [ RunTime:0.000155s ]
INFO: [ template_filter ] --END-- [ RunTime:0.000253s ]
NOTIC: [8] Use of undefined constant user_addr - assumed 'user_addr' E:\Project\application\Runtime\Cache\Home\b8e9c55c6f29af9268f47336cfb36862.php 第 35 行.
NOTIC: [8] Undefined variable: uinfo E:\Project\application\Runtime\Cache\Home\b8e9c55c6f29af9268f47336cfb36862.php 第 35 行.
NOTIC: [8] Undefined variable: uinfo E:\Project\application\Runtime\Cache\Home\b8e9c55c6f29af9268f47336cfb36862.php 第 40 行.
INFO: Run Behavior\ParseTemplateBehavior [ RunTime:0.011694s ]
INFO: [ view_parse ] --END-- [ RunTime:0.011781s ]
INFO: [ view_filter ] --START--
INFO: Run Behavior\WriteHtmlCacheBehavior [ RunTime:0.000516s ]
INFO: [ view_filter ] --END-- [ RunTime:0.000595s ]
INFO: [ app_end ] --START--
INFO: Run Behavior\ShowPageTraceBehavior [ RunTime:0.001496s ]
INFO: [ app_end ] --END-- [ RunTime:0.001609s ]

[ 2016-12-21T21:02:49+08:00 ] 127.0.0.1 /Public/Common/js/demo/peity-demo.js
INFO: [ app_begin ] --START--
INFO: Run Behavior\ReadHtmlCacheBehavior [ RunTime:0.000813s ]
INFO: [ app_begin ] --END-- [ RunTime:0.001468s ]
ERR: 无法加载控制器:Public

[ 2016-12-21T21:02:49+08:00 ] 127.0.0.1 /Public/Common/js/demo/peity-demo.js
INFO: [ app_begin ] --START--
INFO: Run Behavior\ReadHtmlCacheBehavior [ RunTime:0.000675s ]
INFO: [ app_begin ] --END-- [ RunTime:0.001104s ]
ERR: 无法加载控制器:Public

[ 2016-12-21T21:53:10+08:00 ] 127.0.0.1 /User/myIndex.html
INFO: [ app_begin ] --START--
INFO: Run Behavior\ReadHtmlCacheBehavior [ RunTime:0.000691s ]
INFO: [ app_begin ] --END-- [ RunTime:0.001307s ]
INFO: [ view_parse ] --START--
INFO: [ template_filter ] --START--
INFO: Run Behavior\ContentReplaceBehavior [ RunTime:0.000122s ]
INFO: [ template_filter ] --END-- [ RunTime:0.000201s ]
NOTIC: [8] Use of undefined constant user_addr - assumed 'user_addr' E:\Project\application\Runtime\Cache\Home\b8e9c55c6f29af9268f47336cfb36862.php 第 35 行.
NOTIC: [8] Undefined variable: uinfo E:\Project\application\Runtime\Cache\Home\b8e9c55c6f29af9268f47336cfb36862.php 第 35 行.
NOTIC: [8] Undefined variable: uinfo E:\Project\application\Runtime\Cache\Home\b8e9c55c6f29af9268f47336cfb36862.php 第 40 行.
INFO: Run Behavior\ParseTemplateBehavior [ RunTime:0.009529s ]
INFO: [ view_parse ] --END-- [ RunTime:0.009606s ]
INFO: [ view_filter ] --START--
INFO: Run Behavior\WriteHtmlCacheBehavior [ RunTime:0.000450s ]
INFO: [ view_filter ] --END-- [ RunTime:0.000510s ]
INFO: [ app_end ] --START--
INFO: Run Behavior\ShowPageTraceBehavior [ RunTime:0.000878s ]
INFO: [ app_end ] --END-- [ RunTime:0.000976s ]

[ 2016-12-21T21:53:10+08:00 ] 127.0.0.1 /Public/Common/js/demo/peity-demo.js
INFO: [ app_begin ] --START--
INFO: Run Behavior\ReadHtmlCacheBehavior [ RunTime:0.000712s ]
INFO: [ app_begin ] --END-- [ RunTime:0.001252s ]
ERR: 无法加载控制器:Public

[ 2016-12-21T21:53:10+08:00 ] 127.0.0.1 /Public/Common/js/demo/peity-demo.js
INFO: [ app_begin ] --START--
INFO: Run Behavior\ReadHtmlCacheBehavior [ RunTime:0.001436s ]
INFO: [ app_begin ] --END-- [ RunTime:0.002737s ]
ERR: 无法加载控制器:Public

[ 2016-12-21T21:53:11+08:00 ] 127.0.0.1 /User/myIndex.html
INFO: [ app_begin ] --START--
INFO: Run Behavior\ReadHtmlCacheBehavior [ RunTime:0.000653s ]
INFO: [ app_begin ] --END-- [ RunTime:0.001701s ]
INFO: [ view_parse ] --START--
INFO: [ template_filter ] --START--
INFO: Run Behavior\ContentReplaceBehavior [ RunTime:0.000136s ]
INFO: [ template_filter ] --END-- [ RunTime:0.000246s ]
NOTIC: [8] Use of undefined constant user_addr - assumed 'user_addr' E:\Project\application\Runtime\Cache\Home\b8e9c55c6f29af9268f47336cfb36862.php 第 35 行.
NOTIC: [8] Undefined variable: uinfo E:\Project\application\Runtime\Cache\Home\b8e9c55c6f29af9268f47336cfb36862.php 第 35 行.
NOTIC: [8] Undefined variable: uinfo E:\Project\application\Runtime\Cache\Home\b8e9c55c6f29af9268f47336cfb36862.php 第 40 行.
INFO: Run Behavior\ParseTemplateBehavior [ RunTime:0.009217s ]
INFO: [ view_parse ] --END-- [ RunTime:0.009322s ]
INFO: [ view_filter ] --START--
INFO: Run Behavior\WriteHtmlCacheBehavior [ RunTime:0.000789s ]
INFO: [ view_filter ] --END-- [ RunTime:0.000960s ]
INFO: [ app_end ] --START--
INFO: Run Behavior\ShowPageTraceBehavior [ RunTime:0.000808s ]
INFO: [ app_end ] --END-- [ RunTime:0.000888s ]

[ 2016-12-21T21:53:11+08:00 ] 127.0.0.1 /Public/Common/js/demo/peity-demo.js
INFO: [ app_begin ] --START--
INFO: Run Behavior\ReadHtmlCacheBehavior [ RunTime:0.000633s ]
INFO: [ app_begin ] --END-- [ RunTime:0.001108s ]
ERR: 无法加载控制器:Public

[ 2016-12-21T21:53:11+08:00 ] 127.0.0.1 /Public/Common/js/demo/peity-demo.js
INFO: [ app_begin ] --START--
INFO: Run Behavior\ReadHtmlCacheBehavior [ RunTime:0.000609s ]
INFO: [ app_begin ] --END-- [ RunTime:0.001179s ]
ERR: 无法加载控制器:Public

