[ 2016-12-27T20:21:17+08:00 ] 127.0.0.1 /
INFO: [ app_begin ] --START--
INFO: Run Behavior\ReadHtmlCacheBehavior [ RunTime:0.007481s ]
INFO: [ app_begin ] --END-- [ RunTime:0.018680s ]
INFO: [ view_parse ] --START--
INFO: [ template_filter ] --START--
INFO: Run Behavior\ContentReplaceBehavior [ RunTime:0.000157s ]
INFO: [ template_filter ] --END-- [ RunTime:0.000244s ]
INFO: Run Behavior\ParseTemplateBehavior [ RunTime:0.057819s ]
INFO: [ view_parse ] --END-- [ RunTime:0.057915s ]
INFO: [ view_filter ] --START--
INFO: Run Behavior\WriteHtmlCacheBehavior [ RunTime:0.000851s ]
INFO: [ view_filter ] --END-- [ RunTime:0.000922s ]
INFO: [ app_end ] --START--
INFO: Run Behavior\ShowPageTraceBehavior [ RunTime:0.001109s ]
INFO: [ app_end ] --END-- [ RunTime:0.001198s ]

[ 2016-12-27T20:21:18+08:00 ] 127.0.0.1 /Index/index.html
INFO: [ app_begin ] --START--
INFO: Run Behavior\ReadHtmlCacheBehavior [ RunTime:0.000664s ]
INFO: [ app_begin ] --END-- [ RunTime:0.001177s ]
INFO: [ view_parse ] --START--
INFO: [ template_filter ] --START--
INFO: Run Behavior\ContentReplaceBehavior [ RunTime:0.000702s ]
INFO: [ template_filter ] --END-- [ RunTime:0.000819s ]
INFO: Run Behavior\ParseTemplateBehavior [ RunTime:0.323808s ]
INFO: [ view_parse ] --END-- [ RunTime:0.323921s ]
INFO: [ view_filter ] --START--
INFO: Run Behavior\WriteHtmlCacheBehavior [ RunTime:0.000496s ]
INFO: [ view_filter ] --END-- [ RunTime:0.000582s ]
INFO: [ app_end ] --START--
INFO: Run Behavior\ShowPageTraceBehavior [ RunTime:0.002773s ]
INFO: [ app_end ] --END-- [ RunTime:0.002910s ]

[ 2016-12-27T20:21:18+08:00 ] 127.0.0.1 /Public/Common/js/plugins/pace/pace.min.js
INFO: [ app_begin ] --START--
INFO: Run Behavior\ReadHtmlCacheBehavior [ RunTime:0.000703s ]
INFO: [ app_begin ] --END-- [ RunTime:0.001221s ]
ERR: 无法加载控制器:Public

[ 2016-12-27T20:21:28+08:00 ] 127.0.0.1 /User/userinfo
INFO: [ app_begin ] --START--
INFO: Run Behavior\ReadHtmlCacheBehavior [ RunTime:0.000545s ]
INFO: [ app_begin ] --END-- [ RunTime:0.001005s ]
SQL: SELECT * FROM `ss_user1` WHERE `user_id` = '2' LIMIT 1   [ RunTime:0.0304s ]
INFO: [ view_parse ] --START--
INFO: [ template_filter ] --START--
INFO: Run Behavior\ContentReplaceBehavior [ RunTime:0.000299s ]
INFO: [ template_filter ] --END-- [ RunTime:0.000491s ]
NOTIC: [8] Undefined index: tel E:\Project\application\Runtime\Cache\Home\f7029eb57c418268d28943b6c7814548.php 第 121 行.
NOTIC: [8] Undefined index: telcheck E:\Project\application\Runtime\Cache\Home\f7029eb57c418268d28943b6c7814548.php 第 123 行.
NOTIC: [8] Undefined index: telcheck E:\Project\application\Runtime\Cache\Home\f7029eb57c418268d28943b6c7814548.php 第 125 行.
INFO: Run Behavior\ParseTemplateBehavior [ RunTime:0.017220s ]
INFO: [ view_parse ] --END-- [ RunTime:0.017295s ]
INFO: [ view_filter ] --START--
INFO: Run Behavior\WriteHtmlCacheBehavior [ RunTime:0.000423s ]
INFO: [ view_filter ] --END-- [ RunTime:0.000484s ]
INFO: [ app_end ] --START--
INFO: Run Behavior\ShowPageTraceBehavior [ RunTime:0.000755s ]
INFO: [ app_end ] --END-- [ RunTime:0.000837s ]

[ 2016-12-27T20:24:22+08:00 ] 127.0.0.1 /User/userinfo
INFO: [ app_begin ] --START--
INFO: Run Behavior\ReadHtmlCacheBehavior [ RunTime:0.000674s ]
INFO: [ app_begin ] --END-- [ RunTime:0.001386s ]
SQL: SELECT * FROM `ss_user1` WHERE `user_id` = '2' LIMIT 1   [ RunTime:0.0005s ]
INFO: [ view_parse ] --START--
INFO: [ template_filter ] --START--
INFO: Run Behavior\ContentReplaceBehavior [ RunTime:0.000285s ]
INFO: [ template_filter ] --END-- [ RunTime:0.000381s ]
NOTIC: [8] Undefined index: tel E:\Project\application\Runtime\Cache\Home\f7029eb57c418268d28943b6c7814548.php 第 121 行.
NOTIC: [8] Undefined index: telcheck E:\Project\application\Runtime\Cache\Home\f7029eb57c418268d28943b6c7814548.php 第 123 行.
NOTIC: [8] Undefined index: telcheck E:\Project\application\Runtime\Cache\Home\f7029eb57c418268d28943b6c7814548.php 第 125 行.
INFO: Run Behavior\ParseTemplateBehavior [ RunTime:0.017119s ]
INFO: [ view_parse ] --END-- [ RunTime:0.017202s ]
INFO: [ view_filter ] --START--
INFO: Run Behavior\WriteHtmlCacheBehavior [ RunTime:0.000492s ]
INFO: [ view_filter ] --END-- [ RunTime:0.000558s ]
INFO: [ app_end ] --START--
INFO: Run Behavior\ShowPageTraceBehavior [ RunTime:0.000837s ]
INFO: [ app_end ] --END-- [ RunTime:0.000923s ]

[ 2016-12-27T20:24:45+08:00 ] 127.0.0.1 /User/userinfo
INFO: [ app_begin ] --START--
INFO: Run Behavior\ReadHtmlCacheBehavior [ RunTime:0.000857s ]
INFO: [ app_begin ] --END-- [ RunTime:0.001575s ]
SQL: SELECT * FROM `ss_user1` WHERE `user_id` = '2' LIMIT 1   [ RunTime:0.0004s ]
INFO: [ view_parse ] --START--
INFO: [ template_filter ] --START--
INFO: Run Behavior\ContentReplaceBehavior [ RunTime:0.000242s ]
INFO: [ template_filter ] --END-- [ RunTime:0.000328s ]
NOTIC: [8] Undefined index: tel E:\Project\application\Runtime\Cache\Home\f7029eb57c418268d28943b6c7814548.php 第 121 行.
NOTIC: [8] Undefined index: telcheck E:\Project\application\Runtime\Cache\Home\f7029eb57c418268d28943b6c7814548.php 第 123 行.
NOTIC: [8] Undefined index: telcheck E:\Project\application\Runtime\Cache\Home\f7029eb57c418268d28943b6c7814548.php 第 125 行.
INFO: Run Behavior\ParseTemplateBehavior [ RunTime:0.014522s ]
INFO: [ view_parse ] --END-- [ RunTime:0.014591s ]
INFO: [ view_filter ] --START--
INFO: Run Behavior\WriteHtmlCacheBehavior [ RunTime:0.000417s ]
INFO: [ view_filter ] --END-- [ RunTime:0.000482s ]
INFO: [ app_end ] --START--
INFO: Run Behavior\ShowPageTraceBehavior [ RunTime:0.000843s ]
INFO: [ app_end ] --END-- [ RunTime:0.000916s ]

[ 2016-12-27T20:27:27+08:00 ] 127.0.0.1 /User/userinfo
INFO: [ app_begin ] --START--
INFO: Run Behavior\ReadHtmlCacheBehavior [ RunTime:0.000712s ]
INFO: [ app_begin ] --END-- [ RunTime:0.001216s ]
SQL: SELECT * FROM `ss_user1` WHERE `user_id` = '2' LIMIT 1   [ RunTime:0.0005s ]
INFO: [ view_parse ] --START--
INFO: [ template_filter ] --START--
INFO: Run Behavior\ContentReplaceBehavior [ RunTime:0.000176s ]
INFO: [ template_filter ] --END-- [ RunTime:0.000287s ]
NOTIC: [8] Undefined index: tel E:\Project\application\Runtime\Cache\Home\f7029eb57c418268d28943b6c7814548.php 第 121 行.
NOTIC: [8] Undefined index: telcheck E:\Project\application\Runtime\Cache\Home\f7029eb57c418268d28943b6c7814548.php 第 123 行.
NOTIC: [8] Undefined index: telcheck E:\Project\application\Runtime\Cache\Home\f7029eb57c418268d28943b6c7814548.php 第 125 行.
INFO: Run Behavior\ParseTemplateBehavior [ RunTime:0.016000s ]
INFO: [ view_parse ] --END-- [ RunTime:0.016101s ]
INFO: [ view_filter ] --START--
INFO: Run Behavior\WriteHtmlCacheBehavior [ RunTime:0.000606s ]
INFO: [ view_filter ] --END-- [ RunTime:0.000701s ]
INFO: [ app_end ] --START--
INFO: Run Behavior\ShowPageTraceBehavior [ RunTime:0.001303s ]
INFO: [ app_end ] --END-- [ RunTime:0.001448s ]

[ 2016-12-27T20:28:59+08:00 ] 127.0.0.1 /
INFO: [ app_begin ] --START--
INFO: Run Behavior\ReadHtmlCacheBehavior [ RunTime:0.000548s ]
INFO: [ app_begin ] --END-- [ RunTime:0.000957s ]
INFO: [ view_parse ] --START--
INFO: [ template_filter ] --START--
INFO: Run Behavior\ContentReplaceBehavior [ RunTime:0.000142s ]
INFO: [ template_filter ] --END-- [ RunTime:0.000216s ]
INFO: Run Behavior\ParseTemplateBehavior [ RunTime:0.009369s ]
INFO: [ view_parse ] --END-- [ RunTime:0.009446s ]
INFO: [ view_filter ] --START--
INFO: Run Behavior\WriteHtmlCacheBehavior [ RunTime:0.000326s ]
INFO: [ view_filter ] --END-- [ RunTime:0.000379s ]
INFO: [ app_end ] --START--
INFO: Run Behavior\ShowPageTraceBehavior [ RunTime:0.000761s ]
INFO: [ app_end ] --END-- [ RunTime:0.000855s ]

[ 2016-12-27T20:28:59+08:00 ] 127.0.0.1 /Public/Common/js/plugins/pace/pace.min.js
INFO: [ app_begin ] --START--
INFO: Run Behavior\ReadHtmlCacheBehavior [ RunTime:0.001046s ]
INFO: [ app_begin ] --END-- [ RunTime:0.001754s ]
ERR: 无法加载控制器:Public

[ 2016-12-27T20:28:59+08:00 ] 127.0.0.1 /Index/index.html
INFO: [ app_begin ] --START--
INFO: Run Behavior\ReadHtmlCacheBehavior [ RunTime:0.001048s ]
INFO: [ app_begin ] --END-- [ RunTime:0.002452s ]
INFO: [ view_parse ] --START--
INFO: [ template_filter ] --START--
INFO: Run Behavior\ContentReplaceBehavior [ RunTime:0.000565s ]
INFO: [ template_filter ] --END-- [ RunTime:0.000685s ]
INFO: Run Behavior\ParseTemplateBehavior [ RunTime:0.023304s ]
INFO: [ view_parse ] --END-- [ RunTime:0.023421s ]
INFO: [ view_filter ] --START--
INFO: Run Behavior\WriteHtmlCacheBehavior [ RunTime:0.000481s ]
INFO: [ view_filter ] --END-- [ RunTime:0.000571s ]
INFO: [ app_end ] --START--
INFO: Run Behavior\ShowPageTraceBehavior [ RunTime:0.000811s ]
INFO: [ app_end ] --END-- [ RunTime:0.000895s ]

[ 2016-12-27T20:37:01+08:00 ] 127.0.0.1 /User/userinfo
INFO: [ app_begin ] --START--
INFO: Run Behavior\ReadHtmlCacheBehavior [ RunTime:0.000691s ]
INFO: [ app_begin ] --END-- [ RunTime:0.001213s ]
SQL: SELECT * FROM `ss_user1` WHERE `user_id` = '2' LIMIT 1   [ RunTime:0.0008s ]
INFO: [ view_parse ] --START--
INFO: [ template_filter ] --START--
INFO: Run Behavior\ContentReplaceBehavior [ RunTime:0.000229s ]
INFO: [ template_filter ] --END-- [ RunTime:0.000374s ]
NOTIC: [8] Undefined index: tel E:\Project\application\Runtime\Cache\Home\f7029eb57c418268d28943b6c7814548.php 第 121 行.
NOTIC: [8] Undefined index: telcheck E:\Project\application\Runtime\Cache\Home\f7029eb57c418268d28943b6c7814548.php 第 123 行.
NOTIC: [8] Undefined index: telcheck E:\Project\application\Runtime\Cache\Home\f7029eb57c418268d28943b6c7814548.php 第 125 行.
INFO: Run Behavior\ParseTemplateBehavior [ RunTime:0.020057s ]
INFO: [ view_parse ] --END-- [ RunTime:0.020196s ]
INFO: [ view_filter ] --START--
INFO: Run Behavior\WriteHtmlCacheBehavior [ RunTime:0.000823s ]
INFO: [ view_filter ] --END-- [ RunTime:0.000945s ]
INFO: [ app_end ] --START--
INFO: Run Behavior\ShowPageTraceBehavior [ RunTime:0.001631s ]
INFO: [ app_end ] --END-- [ RunTime:0.001772s ]

[ 2016-12-27T20:37:42+08:00 ] 127.0.0.1 /User/userinfo
INFO: [ app_begin ] --START--
INFO: Run Behavior\ReadHtmlCacheBehavior [ RunTime:0.001171s ]
INFO: [ app_begin ] --END-- [ RunTime:0.001754s ]
SQL: SELECT * FROM `ss_user1` WHERE `user_id` = '2' LIMIT 1   [ RunTime:0.0009s ]
INFO: [ view_parse ] --START--
INFO: [ template_filter ] --START--
INFO: Run Behavior\ContentReplaceBehavior [ RunTime:0.000224s ]
INFO: [ template_filter ] --END-- [ RunTime:0.000366s ]
NOTIC: [8] Undefined index: tel E:\Project\application\Runtime\Cache\Home\f7029eb57c418268d28943b6c7814548.php 第 121 行.
NOTIC: [8] Undefined index: telcheck E:\Project\application\Runtime\Cache\Home\f7029eb57c418268d28943b6c7814548.php 第 123 行.
NOTIC: [8] Undefined index: telcheck E:\Project\application\Runtime\Cache\Home\f7029eb57c418268d28943b6c7814548.php 第 125 行.
INFO: Run Behavior\ParseTemplateBehavior [ RunTime:0.018163s ]
INFO: [ view_parse ] --END-- [ RunTime:0.018271s ]
INFO: [ view_filter ] --START--
INFO: Run Behavior\WriteHtmlCacheBehavior [ RunTime:0.000500s ]
INFO: [ view_filter ] --END-- [ RunTime:0.000563s ]
INFO: [ app_end ] --START--
INFO: Run Behavior\ShowPageTraceBehavior [ RunTime:0.000800s ]
INFO: [ app_end ] --END-- [ RunTime:0.000875s ]

[ 2016-12-27T20:37:57+08:00 ] 127.0.0.1 /User/userinfo
INFO: [ app_begin ] --START--
INFO: Run Behavior\ReadHtmlCacheBehavior [ RunTime:0.000669s ]
INFO: [ app_begin ] --END-- [ RunTime:0.001149s ]
SQL: SELECT * FROM `ss_user1` WHERE `user_id` = '2' LIMIT 1   [ RunTime:0.0009s ]
INFO: [ view_parse ] --START--
INFO: [ template_filter ] --START--
INFO: Run Behavior\ContentReplaceBehavior [ RunTime:0.000223s ]
INFO: [ template_filter ] --END-- [ RunTime:0.000374s ]
NOTIC: [8] Undefined index: tel E:\Project\application\Runtime\Cache\Home\f7029eb57c418268d28943b6c7814548.php 第 121 行.
NOTIC: [8] Undefined index: telcheck E:\Project\application\Runtime\Cache\Home\f7029eb57c418268d28943b6c7814548.php 第 123 行.
NOTIC: [8] Undefined index: telcheck E:\Project\application\Runtime\Cache\Home\f7029eb57c418268d28943b6c7814548.php 第 125 行.
INFO: Run Behavior\ParseTemplateBehavior [ RunTime:0.018077s ]
INFO: [ view_parse ] --END-- [ RunTime:0.018178s ]
INFO: [ view_filter ] --START--
INFO: Run Behavior\WriteHtmlCacheBehavior [ RunTime:0.000398s ]
INFO: [ view_filter ] --END-- [ RunTime:0.000452s ]
INFO: [ app_end ] --START--
INFO: Run Behavior\ShowPageTraceBehavior [ RunTime:0.000752s ]
INFO: [ app_end ] --END-- [ RunTime:0.001069s ]

[ 2016-12-27T20:38:19+08:00 ] 127.0.0.1 /User/userinfo
INFO: [ app_begin ] --START--
INFO: Run Behavior\ReadHtmlCacheBehavior [ RunTime:0.000844s ]
INFO: [ app_begin ] --END-- [ RunTime:0.001502s ]
SQL: SELECT * FROM `ss_user1` WHERE `user_id` = '2' LIMIT 1   [ RunTime:0.0008s ]
INFO: [ view_parse ] --START--
INFO: [ template_filter ] --START--
INFO: Run Behavior\ContentReplaceBehavior [ RunTime:0.000271s ]
INFO: [ template_filter ] --END-- [ RunTime:0.000449s ]
NOTIC: [8] Undefined index: tel E:\Project\application\Runtime\Cache\Home\f7029eb57c418268d28943b6c7814548.php 第 121 行.
NOTIC: [8] Undefined index: telcheck E:\Project\application\Runtime\Cache\Home\f7029eb57c418268d28943b6c7814548.php 第 123 行.
NOTIC: [8] Undefined index: telcheck E:\Project\application\Runtime\Cache\Home\f7029eb57c418268d28943b6c7814548.php 第 125 行.
INFO: Run Behavior\ParseTemplateBehavior [ RunTime:0.018821s ]
INFO: [ view_parse ] --END-- [ RunTime:0.018950s ]
INFO: [ view_filter ] --START--
INFO: Run Behavior\WriteHtmlCacheBehavior [ RunTime:0.000889s ]
INFO: [ view_filter ] --END-- [ RunTime:0.001011s ]
INFO: [ app_end ] --START--
INFO: Run Behavior\ShowPageTraceBehavior [ RunTime:0.001958s ]
INFO: [ app_end ] --END-- [ RunTime:0.002100s ]

[ 2016-12-27T20:40:06+08:00 ] 127.0.0.1 /User/userinfo
INFO: [ app_begin ] --START--
INFO: Run Behavior\ReadHtmlCacheBehavior [ RunTime:0.000682s ]
INFO: [ app_begin ] --END-- [ RunTime:0.001190s ]
SQL: SELECT * FROM `ss_user1` WHERE `user_id` = '2' LIMIT 1   [ RunTime:0.0008s ]
INFO: [ view_parse ] --START--
INFO: [ template_filter ] --START--
INFO: Run Behavior\ContentReplaceBehavior [ RunTime:0.000198s ]
INFO: [ template_filter ] --END-- [ RunTime:0.000334s ]
NOTIC: [8] Undefined index: tel E:\Project\application\Runtime\Cache\Home\f7029eb57c418268d28943b6c7814548.php 第 141 行.
NOTIC: [8] Undefined index: telcheck E:\Project\application\Runtime\Cache\Home\f7029eb57c418268d28943b6c7814548.php 第 143 行.
NOTIC: [8] Undefined index: telcheck E:\Project\application\Runtime\Cache\Home\f7029eb57c418268d28943b6c7814548.php 第 145 行.
INFO: Run Behavior\ParseTemplateBehavior [ RunTime:0.017414s ]
INFO: [ view_parse ] --END-- [ RunTime:0.017544s ]
INFO: [ view_filter ] --START--
INFO: Run Behavior\WriteHtmlCacheBehavior [ RunTime:0.000691s ]
INFO: [ view_filter ] --END-- [ RunTime:0.000789s ]
INFO: [ app_end ] --START--
INFO: Run Behavior\ShowPageTraceBehavior [ RunTime:0.001348s ]
INFO: [ app_end ] --END-- [ RunTime:0.001537s ]

[ 2016-12-27T20:40:32+08:00 ] 127.0.0.1 /User/userinfo
INFO: [ app_begin ] --START--
INFO: Run Behavior\ReadHtmlCacheBehavior [ RunTime:0.000697s ]
INFO: [ app_begin ] --END-- [ RunTime:0.001154s ]
SQL: SELECT * FROM `ss_user1` WHERE `user_id` = '2' LIMIT 1   [ RunTime:0.0004s ]
INFO: [ view_parse ] --START--
INFO: [ template_filter ] --START--
INFO: Run Behavior\ContentReplaceBehavior [ RunTime:0.000116s ]
INFO: [ template_filter ] --END-- [ RunTime:0.000195s ]
NOTIC: [8] Undefined index: tel E:\Project\application\Runtime\Cache\Home\f7029eb57c418268d28943b6c7814548.php 第 141 行.
NOTIC: [8] Undefined index: telcheck E:\Project\application\Runtime\Cache\Home\f7029eb57c418268d28943b6c7814548.php 第 143 行.
NOTIC: [8] Undefined index: telcheck E:\Project\application\Runtime\Cache\Home\f7029eb57c418268d28943b6c7814548.php 第 145 行.
INFO: Run Behavior\ParseTemplateBehavior [ RunTime:0.009194s ]
INFO: [ view_parse ] --END-- [ RunTime:0.009262s ]
INFO: [ view_filter ] --START--
INFO: Run Behavior\WriteHtmlCacheBehavior [ RunTime:0.000428s ]
INFO: [ view_filter ] --END-- [ RunTime:0.000538s ]
INFO: [ app_end ] --START--
INFO: Run Behavior\ShowPageTraceBehavior [ RunTime:0.000878s ]
INFO: [ app_end ] --END-- [ RunTime:0.000971s ]

[ 2016-12-27T20:41:33+08:00 ] 127.0.0.1 /User/userinfo
INFO: [ app_begin ] --START--
INFO: Run Behavior\ReadHtmlCacheBehavior [ RunTime:0.000754s ]
INFO: [ app_begin ] --END-- [ RunTime:0.001403s ]
SQL: SELECT * FROM `ss_user1` WHERE `user_id` = '2' LIMIT 1   [ RunTime:0.0008s ]
INFO: [ view_parse ] --START--
INFO: [ template_filter ] --START--
INFO: Run Behavior\ContentReplaceBehavior [ RunTime:0.000245s ]
INFO: [ template_filter ] --END-- [ RunTime:0.000396s ]
NOTIC: [8] Undefined index: tel E:\Project\application\Runtime\Cache\Home\f7029eb57c418268d28943b6c7814548.php 第 145 行.
NOTIC: [8] Undefined index: telcheck E:\Project\application\Runtime\Cache\Home\f7029eb57c418268d28943b6c7814548.php 第 147 行.
NOTIC: [8] Undefined index: telcheck E:\Project\application\Runtime\Cache\Home\f7029eb57c418268d28943b6c7814548.php 第 149 行.
INFO: Run Behavior\ParseTemplateBehavior [ RunTime:0.021004s ]
INFO: [ view_parse ] --END-- [ RunTime:0.021155s ]
INFO: [ view_filter ] --START--
INFO: Run Behavior\WriteHtmlCacheBehavior [ RunTime:0.000949s ]
INFO: [ view_filter ] --END-- [ RunTime:0.001084s ]
INFO: [ app_end ] --START--
INFO: Run Behavior\ShowPageTraceBehavior [ RunTime:0.000976s ]
INFO: [ app_end ] --END-- [ RunTime:0.001058s ]

[ 2016-12-27T20:42:26+08:00 ] 127.0.0.1 /User/userinfo
INFO: [ app_begin ] --START--
INFO: Run Behavior\ReadHtmlCacheBehavior [ RunTime:0.000571s ]
INFO: [ app_begin ] --END-- [ RunTime:0.001063s ]
SQL: SELECT * FROM `ss_user1` WHERE `user_id` = '2' LIMIT 1   [ RunTime:0.0009s ]
INFO: [ view_parse ] --START--
INFO: [ template_filter ] --START--
INFO: Run Behavior\ContentReplaceBehavior [ RunTime:0.000245s ]
INFO: [ template_filter ] --END-- [ RunTime:0.000393s ]
NOTIC: [8] Undefined index: tel E:\Project\application\Runtime\Cache\Home\f7029eb57c418268d28943b6c7814548.php 第 146 行.
NOTIC: [8] Undefined index: telcheck E:\Project\application\Runtime\Cache\Home\f7029eb57c418268d28943b6c7814548.php 第 148 行.
NOTIC: [8] Undefined index: telcheck E:\Project\application\Runtime\Cache\Home\f7029eb57c418268d28943b6c7814548.php 第 150 行.
INFO: Run Behavior\ParseTemplateBehavior [ RunTime:0.019694s ]
INFO: [ view_parse ] --END-- [ RunTime:0.019843s ]
INFO: [ view_filter ] --START--
INFO: Run Behavior\WriteHtmlCacheBehavior [ RunTime:0.000876s ]
INFO: [ view_filter ] --END-- [ RunTime:0.001005s ]
INFO: [ app_end ] --START--
INFO: Run Behavior\ShowPageTraceBehavior [ RunTime:0.001925s ]
INFO: [ app_end ] --END-- [ RunTime:0.002077s ]

[ 2016-12-27T20:42:41+08:00 ] 127.0.0.1 /User/userinfo
INFO: [ app_begin ] --START--
INFO: Run Behavior\ReadHtmlCacheBehavior [ RunTime:0.000705s ]
INFO: [ app_begin ] --END-- [ RunTime:0.001197s ]
SQL: SELECT * FROM `ss_user1` WHERE `user_id` = '2' LIMIT 1   [ RunTime:0.0006s ]
INFO: [ view_parse ] --START--
INFO: [ template_filter ] --START--
INFO: Run Behavior\ContentReplaceBehavior [ RunTime:0.000166s ]
INFO: [ template_filter ] --END-- [ RunTime:0.000276s ]
NOTIC: [8] Undefined index: tel E:\Project\application\Runtime\Cache\Home\f7029eb57c418268d28943b6c7814548.php 第 146 行.
NOTIC: [8] Undefined index: telcheck E:\Project\application\Runtime\Cache\Home\f7029eb57c418268d28943b6c7814548.php 第 148 行.
NOTIC: [8] Undefined index: telcheck E:\Project\application\Runtime\Cache\Home\f7029eb57c418268d28943b6c7814548.php 第 150 行.
INFO: Run Behavior\ParseTemplateBehavior [ RunTime:0.013826s ]
INFO: [ view_parse ] --END-- [ RunTime:0.013926s ]
INFO: [ view_filter ] --START--
INFO: Run Behavior\WriteHtmlCacheBehavior [ RunTime:0.000680s ]
INFO: [ view_filter ] --END-- [ RunTime:0.000783s ]
INFO: [ app_end ] --START--
INFO: Run Behavior\ShowPageTraceBehavior [ RunTime:0.001042s ]
INFO: [ app_end ] --END-- [ RunTime:0.001146s ]

